<?xml version="1.0" encoding="UTF-8"?>
<testsuite xmlns:xsi="http://www.w3.org/2001/XMLSchema-instance" xsi:noNamespaceSchemaLocation="https://maven.apache.org/surefire/maven-surefire-plugin/xsd/surefire-test-report.xsd" name="book.AppTest" time="0.005" tests="1" errors="0" skipped="0" failures="0">
  <properties>
    <property name="java.specification.version" value="16"/>
    <property name="sun.management.compiler" value="HotSpot 64-Bit Tiered Compilers"/>
    <property name="sun.jnu.encoding" value="UTF-8"/>
    <property name="java.runtime.version" value="16.0.2+7-67"/>
    <property name="java.class.path" value="/workspace/assignment3/KafkaStreams/target/test-classes:/workspace/assignment3/KafkaStreams/target/classes:/home/main/.m2/repository/junit/junit/3.8.1/junit-3.8.1.jar:"/>
    <property name="user.name" value="main"/>
    <property name="java.vm.vendor" value="Oracle Corporation"/>
    <property name="path.separator" value=":"/>
    <property name="sun.arch.data.model" value="64"/>
    <property name="os.version" value="5.14.1-051401-generic"/>
    <property name="java.runtime.name" value="OpenJDK Runtime Environment"/>
    <property name="file.encoding" value="UTF-8"/>
    <property name="java.vendor.url" value="https://java.oracle.com/"/>
    <property name="java.vm.name" value="OpenJDK 64-Bit Server VM"/>
    <property name="java.vm.specification.version" value="16"/>
    <property name="os.name" value="Linux"/>
    <property name="sun.java.launcher" value="SUN_STANDARD"/>
    <property name="localRepository" value="/home/main/.m2/repository"/>
    <property name="sun.boot.library.path" value="/usr/java/openjdk-16/lib"/>
    <property name="sun.java.command" value="/workspace/assignment3/KafkaStreams/target/surefire/surefirebooter17199312094018675844.jar /workspace/assignment3/KafkaStreams/target/surefire 2021-12-09T23-47-24_192-jvmRun1 surefire2284889674541257480tmp surefire_04131781563738718877tmp"/>
    <property name="java.vendor.url.bug" value="https://bugreport.java.com/bugreport/"/>
    <property name="java.io.tmpdir" value="/tmp"/>
    <property name="jdk.debug" value="release"/>
    <property name="surefire.test.class.path" value="/workspace/assignment3/KafkaStreams/target/test-classes:/workspace/assignment3/KafkaStreams/target/classes:/home/main/.m2/repository/junit/junit/3.8.1/junit-3.8.1.jar:"/>
    <property name="sun.cpu.endian" value="little"/>
    <property name="java.version" value="16.0.2"/>
    <property name="user.home" value="/home/main"/>
    <property name="user.dir" value="/workspace/assignment3/KafkaStreams"/>
    <property name="os.arch" value="amd64"/>
    <property name="user.language" value="en"/>
    <property name="java.specification.vendor" value="Oracle Corporation"/>
    <property name="java.vm.specification.name" value="Java Virtual Machine Specification"/>
    <property name="java.version.date" value="2021-07-20"/>
    <property name="java.home" value="/usr/java/openjdk-16"/>
    <property name="file.separator" value="/"/>
    <property name="basedir" value="/workspace/assignment3/KafkaStreams"/>
    <property name="java.vm.compressedOopsMode" value="Zero based"/>
    <property name="line.separator" value="&#10;"/>
    <property name="java.library.path" value="/usr/java/packages/lib:/usr/lib64:/lib64:/lib:/usr/lib"/>
    <property name="java.vm.info" value="mixed mode, sharing"/>
    <property name="java.vm.specification.vendor" value="Oracle Corporation"/>
    <property name="java.specification.name" value="Java Platform API Specification"/>
    <property name="java.vendor" value="Oracle Corporation"/>
    <property name="java.vm.version" value="16.0.2+7-67"/>
    <property name="sun.io.unicode.encoding" value="UnicodeLittle"/>
    <property name="java.class.version" value="60.0"/>
    <property name="surefire.real.class.path" value="/workspace/assignment3/KafkaStreams/target/surefire/surefirebooter17199312094018675844.jar"/>
  </properties>
  <testcase name="testApp" classname="book.AppTest" time="0.001"/>
</testsuite>